
DESKTOP-8JM6BMA	Fri Sep 15 15:44:20 2017
	ib_util init failed, UDFs can't be used - looks like firebird misconfigured
	
	D:\PROJETOS\Java Projects\TesteFBEmbed\bin/ib_util.dll library has not been found
	D:\PROJETOS\Java Projects\TesteFBEmbed\ib_util.dll library has not been found
	ib_util.dll library has not been found


DESKTOP-8JM6BMA	Fri Sep 15 15:47:29 2017
	ib_util init failed, UDFs can't be used - looks like firebird misconfigured
	
	D:\PROJETOS\Java Projects\TesteFBEmbed\bin/ib_util.dll library has not been found
	D:\PROJETOS\Java Projects\TesteFBEmbed\ib_util.dll library has not been found
	ib_util.dll library has not been found


DESKTOP-8JM6BMA	Fri Sep 15 15:47:50 2017
	ib_util init failed, UDFs can't be used - looks like firebird misconfigured
	
	D:\PROJETOS\Java Projects\TesteFBEmbed\bin/ib_util.dll library has not been found
	D:\PROJETOS\Java Projects\TesteFBEmbed\ib_util.dll library has not been found
	ib_util.dll library has not been found


DESKTOP-8JM6BMA	Fri Sep 15 15:52:26 2017
	ib_util init failed, UDFs can't be used - looks like firebird misconfigured
	
	D:\PROJETOS\Java Projects\TesteFBEmbed\bin/ib_util.dll library has not been found
	D:\PROJETOS\Java Projects\TesteFBEmbed\ib_util.dll library has not been found
	ib_util.dll library has not been found


DESKTOP-8JM6BMA	Fri Sep 15 15:52:35 2017
	ib_util init failed, UDFs can't be used - looks like firebird misconfigured
	
	D:\PROJETOS\Java Projects\TesteFBEmbed\bin/ib_util.dll library has not been found
	D:\PROJETOS\Java Projects\TesteFBEmbed\ib_util.dll library has not been found
	ib_util.dll library has not been found


DESKTOP-8JM6BMA	Fri Sep 15 16:04:18 2017
	ib_util init failed, UDFs can't be used - looks like firebird misconfigured
	
	D:\PROJETOS\Java Projects\TesteFBEmbed\bin/ib_util.dll library has not been found
	D:\PROJETOS\Java Projects\TesteFBEmbed\ib_util.dll library has not been found
	ib_util.dll library has not been found


DESKTOP-8JM6BMA	Fri Sep 15 16:04:19 2017
	Shutting down the server with 1 active connection(s) to 1 database(s), 0 active service(s)


DESKTOP-8JM6BMA	Fri Sep 15 16:04:54 2017
	ib_util init failed, UDFs can't be used - looks like firebird misconfigured
	
	D:\PROJETOS\Java Projects\TesteFBEmbed\bin/ib_util.dll library has not been found
	D:\PROJETOS\Java Projects\TesteFBEmbed\ib_util.dll library has not been found
	ib_util.dll library has not been found


DESKTOP-8JM6BMA	Fri Sep 15 16:04:54 2017
	Shutting down the server with 1 active connection(s) to 1 database(s), 0 active service(s)


DESKTOP-8JM6BMA	Fri Sep 15 16:07:56 2017
	ib_util init failed, UDFs can't be used - looks like firebird misconfigured
	
	D:\PROJETOS\Java Projects\TesteFBEmbed\bin/ib_util.dll library has not been found
	D:\PROJETOS\Java Projects\TesteFBEmbed\ib_util.dll library has not been found
	ib_util.dll library has not been found


DESKTOP-8JM6BMA	Fri Sep 15 16:07:56 2017
	Shutting down the server with 1 active connection(s) to 1 database(s), 0 active service(s)


DESKTOP-8JM6BMA	Fri Sep 15 16:08:43 2017
	ib_util init failed, UDFs can't be used - looks like firebird misconfigured
	
	D:\PROJETOS\Java Projects\TesteFBEmbed\bin/ib_util.dll library has not been found
	D:\PROJETOS\Java Projects\TesteFBEmbed\ib_util.dll library has not been found
	ib_util.dll library has not been found


DESKTOP-8JM6BMA	Fri Sep 15 16:08:43 2017
	Shutting down the server with 1 active connection(s) to 1 database(s), 0 active service(s)


DESKTOP-8JM6BMA	Fri Sep 15 16:08:59 2017
	ib_util init failed, UDFs can't be used - looks like firebird misconfigured
	
	D:\PROJETOS\Java Projects\TesteFBEmbed\bin/ib_util.dll library has not been found
	D:\PROJETOS\Java Projects\TesteFBEmbed\ib_util.dll library has not been found
	ib_util.dll library has not been found


DESKTOP-8JM6BMA	Fri Sep 15 16:08:59 2017
	Shutting down the server with 1 active connection(s) to 1 database(s), 0 active service(s)


DESKTOP-8JM6BMA	Fri Sep 15 16:09:51 2017
	ib_util init failed, UDFs can't be used - looks like firebird misconfigured
	
	D:\PROJETOS\Java Projects\TesteFBEmbed\bin/ib_util.dll library has not been found
	D:\PROJETOS\Java Projects\TesteFBEmbed\ib_util.dll library has not been found
	ib_util.dll library has not been found


DESKTOP-8JM6BMA	Fri Sep 15 16:09:51 2017
	Shutting down the server with 1 active connection(s) to 1 database(s), 0 active service(s)


DESKTOP-8JM6BMA	Fri Sep 15 16:12:16 2017
	ib_util init failed, UDFs can't be used - looks like firebird misconfigured
	
	D:\PROJETOS\Java Projects\TesteFBEmbed\bin/ib_util.dll library has not been found
	D:\PROJETOS\Java Projects\TesteFBEmbed\ib_util.dll library has not been found
	ib_util.dll library has not been found


DESKTOP-8JM6BMA	Fri Sep 15 16:12:16 2017
	Shutting down the server with 1 active connection(s) to 1 database(s), 0 active service(s)


DESKTOP-8JM6BMA	Mon Sep 18 08:46:50 2017
	ib_util init failed, UDFs can't be used - looks like firebird misconfigured
	
	D:\64\bin/ib_util.dll library has not been found
	D:\64\ib_util.dll library has not been found
	ib_util.dll library has not been found


DESKTOP-8JM6BMA	Mon Sep 18 08:46:50 2017
	Shutting down the server with 1 active connection(s) to 1 database(s), 0 active service(s)


DESKTOP-8JM6BMA	Mon Sep 18 08:47:49 2017
	ib_util init failed, UDFs can't be used - looks like firebird misconfigured
	
	D:\64\bin/ib_util.dll library has not been found
	D:\64\ib_util.dll library has not been found
	ib_util.dll library has not been found


DESKTOP-8JM6BMA	Mon Sep 18 08:47:49 2017
	Shutting down the server with 1 active connection(s) to 1 database(s), 0 active service(s)


DESKTOP-8JM6BMA	Mon Sep 18 09:02:27 2017
	ib_util init failed, UDFs can't be used - looks like firebird misconfigured
	
	D:\64\bin/ib_util.dll library has not been found
	D:\64\ib_util.dll library has not been found
	ib_util.dll library has not been found


DESKTOP-8JM6BMA	Mon Sep 18 09:02:27 2017
	Shutting down the server with 1 active connection(s) to 1 database(s), 0 active service(s)


DESKTOP-8JM6BMA	Mon Sep 18 09:05:00 2017
	ib_util init failed, UDFs can't be used - looks like firebird misconfigured
	
	D:\64\bin/ib_util.dll library has not been found
	D:\64\ib_util.dll library has not been found
	ib_util.dll library has not been found


DESKTOP-8JM6BMA	Mon Sep 18 09:05:00 2017
	Shutting down the server with 1 active connection(s) to 1 database(s), 0 active service(s)


DESKTOP-8JM6BMA	Mon Sep 18 10:41:36 2017
	ib_util init failed, UDFs can't be used - looks like firebird misconfigured
	
	D:\64\bin/ib_util.dll library has not been found
	D:\64\ib_util.dll library has not been found
	ib_util.dll library has not been found


DESKTOP-8JM6BMA	Mon Sep 18 10:41:36 2017
	Shutting down the server with 1 active connection(s) to 1 database(s), 0 active service(s)


DESKTOP-8JM6BMA	Mon Sep 18 11:04:18 2017
	ib_util init failed, UDFs can't be used - looks like firebird misconfigured
	
	D:\64\bin/ib_util.dll library has not been found
	D:\64\ib_util.dll library has not been found
	ib_util.dll library has not been found


DESKTOP-8JM6BMA	Mon Sep 18 11:04:18 2017
	Shutting down the server with 1 active connection(s) to 1 database(s), 0 active service(s)


DESKTOP-8JM6BMA	Tue Sep 19 08:42:31 2017
	ib_util init failed, UDFs can't be used - looks like firebird misconfigured
	
	D:\64\bin/ib_util.dll library has not been found
	D:\64\ib_util.dll library has not been found
	ib_util.dll library has not been found


DESKTOP-8JM6BMA	Tue Sep 19 08:42:32 2017
	Shutting down the server with 1 active connection(s) to 1 database(s), 0 active service(s)


DESKTOP-8JM6BMA	Tue Sep 19 09:01:26 2017
	ib_util init failed, UDFs can't be used - looks like firebird misconfigured
	
	D:\PROJETOS\Java Projects\Projeto Barbearia\bin/ib_util.dll library has not been found
	D:\PROJETOS\Java Projects\Projeto Barbearia\ib_util.dll library has not been found
	ib_util.dll library has not been found


DESKTOP-8JM6BMA	Tue Sep 19 09:02:07 2017
	Shutting down the server with 1 active connection(s) to 1 database(s), 0 active service(s)


DESKTOP-8JM6BMA	Tue Sep 19 09:11:00 2017
	ib_util init failed, UDFs can't be used - looks like firebird misconfigured
	
	D:\PROJETOS\Java Projects\Projeto Barbearia\bin/ib_util.dll library has not been found
	D:\PROJETOS\Java Projects\Projeto Barbearia\ib_util.dll library has not been found
	ib_util.dll library has not been found


DESKTOP-8JM6BMA	Tue Sep 19 09:11:01 2017
	Shutting down the server with 2 active connection(s) to 1 database(s), 0 active service(s)


DESKTOP-8JM6BMA	Tue Sep 19 09:12:28 2017
	ib_util init failed, UDFs can't be used - looks like firebird misconfigured
	
	D:\PROJETOS\Java Projects\Projeto Barbearia\bin/ib_util.dll library has not been found
	D:\PROJETOS\Java Projects\Projeto Barbearia\ib_util.dll library has not been found
	ib_util.dll library has not been found


DESKTOP-8JM6BMA	Tue Sep 19 09:12:33 2017
	ib_util init failed, UDFs can't be used - looks like firebird misconfigured
	
	D:\PROJETOS\Java Projects\Projeto Barbearia\bin/ib_util.dll library has not been found
	D:\PROJETOS\Java Projects\Projeto Barbearia\ib_util.dll library has not been found
	ib_util.dll library has not been found


DESKTOP-8JM6BMA	Tue Sep 19 09:12:34 2017
	Shutting down the server with 2 active connection(s) to 1 database(s), 0 active service(s)


DESKTOP-8JM6BMA	Tue Sep 19 09:13:44 2017
	Shutting down the server with 14 active connection(s) to 1 database(s), 0 active service(s)


DESKTOP-8JM6BMA	Fri Sep 29 16:19:15 2017
	ib_util init failed, UDFs can't be used - looks like firebird misconfigured
	
	D:\PROJETOS\Java Projects\BMKey\bin/ib_util.dll library has not been found
	D:\PROJETOS\Java Projects\BMKey\ib_util.dll library has not been found
	ib_util.dll library has not been found


DESKTOP-8JM6BMA	Fri Sep 29 16:24:18 2017
	ib_util init failed, UDFs can't be used - looks like firebird misconfigured
	
	D:\PROJETOS\Java Projects\BMKey\bin/ib_util.dll library has not been found
	D:\PROJETOS\Java Projects\BMKey\ib_util.dll library has not been found
	ib_util.dll library has not been found


DESKTOP-8JM6BMA	Fri Sep 29 16:24:44 2017
	ib_util init failed, UDFs can't be used - looks like firebird misconfigured
	
	D:\PROJETOS\Java Projects\BMKey\bin/ib_util.dll library has not been found
	D:\PROJETOS\Java Projects\BMKey\ib_util.dll library has not been found
	ib_util.dll library has not been found


DESKTOP-8JM6BMA	Fri Sep 29 16:24:53 2017
	Shutting down the server with 4 active connection(s) to 1 database(s), 0 active service(s)


DESKTOP-8JM6BMA	Fri Sep 29 16:26:44 2017
	ib_util init failed, UDFs can't be used - looks like firebird misconfigured
	
	D:\PROJETOS\Java Projects\BMKey\bin/ib_util.dll library has not been found
	D:\PROJETOS\Java Projects\BMKey\ib_util.dll library has not been found
	ib_util.dll library has not been found


DESKTOP-8JM6BMA	Fri Sep 29 16:26:44 2017
	Shutting down the server with 2 active connection(s) to 1 database(s), 0 active service(s)


DESKTOP-8JM6BMA	Fri Sep 29 16:27:03 2017
	ib_util init failed, UDFs can't be used - looks like firebird misconfigured
	
	D:\PROJETOS\Java Projects\BMKey\bin/ib_util.dll library has not been found
	D:\PROJETOS\Java Projects\BMKey\ib_util.dll library has not been found
	ib_util.dll library has not been found


DESKTOP-8JM6BMA	Fri Sep 29 16:27:07 2017
	Shutting down the server with 2 active connection(s) to 1 database(s), 0 active service(s)


DESKTOP-8JM6BMA	Fri Sep 29 16:27:08 2017
	ib_util init failed, UDFs can't be used - looks like firebird misconfigured
	
	D:\PROJETOS\Java Projects\BMKey\bin/ib_util.dll library has not been found
	D:\PROJETOS\Java Projects\BMKey\ib_util.dll library has not been found
	ib_util.dll library has not been found


DESKTOP-8JM6BMA	Fri Sep 29 16:27:15 2017
	Shutting down the server with 4 active connection(s) to 1 database(s), 0 active service(s)


DESKTOP-8JM6BMA	Fri Sep 29 16:27:30 2017
	ib_util init failed, UDFs can't be used - looks like firebird misconfigured
	
	D:\PROJETOS\Java Projects\BMKey\bin/ib_util.dll library has not been found
	D:\PROJETOS\Java Projects\BMKey\ib_util.dll library has not been found
	ib_util.dll library has not been found


DESKTOP-8JM6BMA	Fri Sep 29 16:27:30 2017
	Shutting down the server with 2 active connection(s) to 1 database(s), 0 active service(s)


DESKTOP-8JM6BMA	Fri Sep 29 16:29:04 2017
	ib_util init failed, UDFs can't be used - looks like firebird misconfigured
	
	D:\PROJETOS\Java Projects\BMKey\bin/ib_util.dll library has not been found
	D:\PROJETOS\Java Projects\BMKey\ib_util.dll library has not been found
	ib_util.dll library has not been found


DESKTOP-8JM6BMA	Fri Sep 29 16:29:07 2017
	Shutting down the server with 2 active connection(s) to 1 database(s), 0 active service(s)


DESKTOP-8JM6BMA	Fri Sep 29 16:29:08 2017
	ib_util init failed, UDFs can't be used - looks like firebird misconfigured
	
	D:\PROJETOS\Java Projects\BMKey\bin/ib_util.dll library has not been found
	D:\PROJETOS\Java Projects\BMKey\ib_util.dll library has not been found
	ib_util.dll library has not been found


DESKTOP-8JM6BMA	Fri Sep 29 16:29:15 2017
	Shutting down the server with 4 active connection(s) to 1 database(s), 0 active service(s)


DESKTOP-8JM6BMA	Fri Sep 29 16:29:20 2017
	ib_util init failed, UDFs can't be used - looks like firebird misconfigured
	
	D:\PROJETOS\Java Projects\BMKey\bin/ib_util.dll library has not been found
	D:\PROJETOS\Java Projects\BMKey\ib_util.dll library has not been found
	ib_util.dll library has not been found


DESKTOP-8JM6BMA	Fri Sep 29 16:29:23 2017
	Shutting down the server with 2 active connection(s) to 1 database(s), 0 active service(s)


DESKTOP-8JM6BMA	Fri Sep 29 16:39:24 2017
	ib_util init failed, UDFs can't be used - looks like firebird misconfigured
	
	D:\PROJETOS\Java Projects\BMKey\bin/ib_util.dll library has not been found
	D:\PROJETOS\Java Projects\BMKey\ib_util.dll library has not been found
	ib_util.dll library has not been found


DESKTOP-8JM6BMA	Fri Sep 29 16:39:31 2017
	Shutting down the server with 4 active connection(s) to 1 database(s), 0 active service(s)


DESKTOP-8JM6BMA	Fri Sep 29 16:39:59 2017
	ib_util init failed, UDFs can't be used - looks like firebird misconfigured
	
	D:\PROJETOS\Java Projects\BMKey\bin/ib_util.dll library has not been found
	D:\PROJETOS\Java Projects\BMKey\ib_util.dll library has not been found
	ib_util.dll library has not been found


DESKTOP-8JM6BMA	Fri Sep 29 16:40:02 2017
	Shutting down the server with 2 active connection(s) to 1 database(s), 0 active service(s)


DESKTOP-8JM6BMA	Fri Sep 29 16:40:02 2017
	ib_util init failed, UDFs can't be used - looks like firebird misconfigured
	
	D:\PROJETOS\Java Projects\BMKey\bin/ib_util.dll library has not been found
	D:\PROJETOS\Java Projects\BMKey\ib_util.dll library has not been found
	ib_util.dll library has not been found


DESKTOP-8JM6BMA	Fri Sep 29 16:40:07 2017
	Shutting down the server with 4 active connection(s) to 1 database(s), 0 active service(s)


DESKTOP-8JM6BMA	Fri Sep 29 16:40:29 2017
	ib_util init failed, UDFs can't be used - looks like firebird misconfigured
	
	D:\PROJETOS\Java Projects\BMKey\bin/ib_util.dll library has not been found
	D:\PROJETOS\Java Projects\BMKey\ib_util.dll library has not been found
	ib_util.dll library has not been found


DESKTOP-8JM6BMA	Fri Sep 29 16:40:29 2017
	Shutting down the server with 2 active connection(s) to 1 database(s), 0 active service(s)


DESKTOP-8JM6BMA	Fri Sep 29 16:42:06 2017
	ib_util init failed, UDFs can't be used - looks like firebird misconfigured
	
	D:\PROJETOS\Java Projects\BMKey\bin/ib_util.dll library has not been found
	D:\PROJETOS\Java Projects\BMKey\ib_util.dll library has not been found
	ib_util.dll library has not been found


DESKTOP-8JM6BMA	Fri Sep 29 16:42:06 2017
	Shutting down the server with 2 active connection(s) to 1 database(s), 0 active service(s)


DESKTOP-8JM6BMA	Fri Sep 29 16:42:09 2017
	ib_util init failed, UDFs can't be used - looks like firebird misconfigured
	
	D:\PROJETOS\Java Projects\BMKey\bin/ib_util.dll library has not been found
	D:\PROJETOS\Java Projects\BMKey\ib_util.dll library has not been found
	ib_util.dll library has not been found


DESKTOP-8JM6BMA	Fri Sep 29 16:42:12 2017
	Shutting down the server with 2 active connection(s) to 1 database(s), 0 active service(s)


DESKTOP-8JM6BMA	Fri Sep 29 16:42:16 2017
	ib_util init failed, UDFs can't be used - looks like firebird misconfigured
	
	D:\PROJETOS\Java Projects\BMKey\bin/ib_util.dll library has not been found
	D:\PROJETOS\Java Projects\BMKey\ib_util.dll library has not been found
	ib_util.dll library has not been found


DESKTOP-8JM6BMA	Fri Sep 29 16:42:21 2017
	Shutting down the server with 2 active connection(s) to 1 database(s), 0 active service(s)


DESKTOP-8JM6BMA	Fri Sep 29 16:43:02 2017
	ib_util init failed, UDFs can't be used - looks like firebird misconfigured
	
	D:\PROJETOS\Java Projects\BMKey\bin/ib_util.dll library has not been found
	D:\PROJETOS\Java Projects\BMKey\ib_util.dll library has not been found
	ib_util.dll library has not been found


DESKTOP-8JM6BMA	Fri Sep 29 16:43:06 2017
	Shutting down the server with 2 active connection(s) to 1 database(s), 0 active service(s)


DESKTOP-8JM6BMA	Fri Sep 29 16:43:20 2017
	ib_util init failed, UDFs can't be used - looks like firebird misconfigured
	
	D:\PROJETOS\Java Projects\BMKey\bin/ib_util.dll library has not been found
	D:\PROJETOS\Java Projects\BMKey\ib_util.dll library has not been found
	ib_util.dll library has not been found


DESKTOP-8JM6BMA	Fri Sep 29 16:43:25 2017
	Shutting down the server with 2 active connection(s) to 1 database(s), 0 active service(s)


DESKTOP-8JM6BMA	Fri Sep 29 16:44:31 2017
	ib_util init failed, UDFs can't be used - looks like firebird misconfigured
	
	D:\PROJETOS\Java Projects\BMKey\bin/ib_util.dll library has not been found
	D:\PROJETOS\Java Projects\BMKey\ib_util.dll library has not been found
	ib_util.dll library has not been found


DESKTOP-8JM6BMA	Fri Sep 29 16:44:37 2017
	Shutting down the server with 4 active connection(s) to 1 database(s), 0 active service(s)


DESKTOP-8JM6BMA	Fri Sep 29 16:45:06 2017
	ib_util init failed, UDFs can't be used - looks like firebird misconfigured
	
	D:\PROJETOS\Java Projects\BMKey\bin/ib_util.dll library has not been found
	D:\PROJETOS\Java Projects\BMKey\ib_util.dll library has not been found
	ib_util.dll library has not been found


DESKTOP-8JM6BMA	Fri Sep 29 16:45:09 2017
	Shutting down the server with 2 active connection(s) to 1 database(s), 0 active service(s)


DESKTOP-8JM6BMA	Fri Sep 29 16:45:13 2017
	ib_util init failed, UDFs can't be used - looks like firebird misconfigured
	
	D:\PROJETOS\Java Projects\BMKey\bin/ib_util.dll library has not been found
	D:\PROJETOS\Java Projects\BMKey\ib_util.dll library has not been found
	ib_util.dll library has not been found


DESKTOP-8JM6BMA	Fri Sep 29 16:45:17 2017
	Shutting down the server with 2 active connection(s) to 1 database(s), 0 active service(s)


DESKTOP-8JM6BMA	Fri Sep 29 16:45:34 2017
	ib_util init failed, UDFs can't be used - looks like firebird misconfigured
	
	D:\PROJETOS\Java Projects\BMKey\bin/ib_util.dll library has not been found
	D:\PROJETOS\Java Projects\BMKey\ib_util.dll library has not been found
	ib_util.dll library has not been found


DESKTOP-8JM6BMA	Fri Sep 29 16:45:39 2017
	Shutting down the server with 4 active connection(s) to 1 database(s), 0 active service(s)


DESKTOP-8JM6BMA	Fri Sep 29 16:45:51 2017
	ib_util init failed, UDFs can't be used - looks like firebird misconfigured
	
	D:\PROJETOS\Java Projects\BMKey\bin/ib_util.dll library has not been found
	D:\PROJETOS\Java Projects\BMKey\ib_util.dll library has not been found
	ib_util.dll library has not been found


DESKTOP-8JM6BMA	Fri Sep 29 16:45:51 2017
	Shutting down the server with 2 active connection(s) to 1 database(s), 0 active service(s)


DESKTOP-8JM6BMA	Mon Oct 02 16:17:24 2017
	ib_util init failed, UDFs can't be used - looks like firebird misconfigured
	
	D:\PROJETOS\Java Projects\BMKey\bin/ib_util.dll library has not been found
	D:\PROJETOS\Java Projects\BMKey\ib_util.dll library has not been found
	ib_util.dll library has not been found


DESKTOP-8JM6BMA	Mon Oct 02 16:17:37 2017
	ib_util init failed, UDFs can't be used - looks like firebird misconfigured
	
	D:\PROJETOS\Java Projects\BMKey\bin/ib_util.dll library has not been found
	D:\PROJETOS\Java Projects\BMKey\ib_util.dll library has not been found
	ib_util.dll library has not been found


DESKTOP-8JM6BMA	Mon Oct 02 16:17:40 2017
	Shutting down the server with 2 active connection(s) to 1 database(s), 0 active service(s)


DESKTOP-8JM6BMA	Mon Oct 02 16:18:03 2017
	ib_util init failed, UDFs can't be used - looks like firebird misconfigured
	
	D:\PROJETOS\Java Projects\BMKey\bin/ib_util.dll library has not been found
	D:\PROJETOS\Java Projects\BMKey\ib_util.dll library has not been found
	ib_util.dll library has not been found


DESKTOP-8JM6BMA	Mon Oct 02 16:19:35 2017
	ib_util init failed, UDFs can't be used - looks like firebird misconfigured
	
	D:\PROJETOS\Java Projects\BMKey\bin/ib_util.dll library has not been found
	D:\PROJETOS\Java Projects\BMKey\ib_util.dll library has not been found
	ib_util.dll library has not been found


DESKTOP-8JM6BMA	Mon Oct 02 16:19:36 2017
	Shutting down the server with 2 active connection(s) to 1 database(s), 0 active service(s)


DESKTOP-8JM6BMA	Mon Oct 02 16:21:01 2017
	ib_util init failed, UDFs can't be used - looks like firebird misconfigured
	
	D:\PROJETOS\Java Projects\BMKey\bin/ib_util.dll library has not been found
	D:\PROJETOS\Java Projects\BMKey\ib_util.dll library has not been found
	ib_util.dll library has not been found


DESKTOP-8JM6BMA	Mon Oct 02 16:21:01 2017
	Shutting down the server with 2 active connection(s) to 1 database(s), 0 active service(s)


DESKTOP-8JM6BMA	Mon Oct 02 16:21:30 2017
	ib_util init failed, UDFs can't be used - looks like firebird misconfigured
	
	D:\PROJETOS\Java Projects\BMKey\bin/ib_util.dll library has not been found
	D:\PROJETOS\Java Projects\BMKey\ib_util.dll library has not been found
	ib_util.dll library has not been found


DESKTOP-8JM6BMA	Mon Oct 02 16:21:31 2017
	Shutting down the server with 2 active connection(s) to 1 database(s), 0 active service(s)


DESKTOP-8JM6BMA	Tue Oct 03 15:07:44 2017
	ib_util init failed, UDFs can't be used - looks like firebird misconfigured
	
	D:\PROJETOS\Java Projects\BMKey\bin/ib_util.dll library has not been found
	D:\PROJETOS\Java Projects\BMKey\ib_util.dll library has not been found
	ib_util.dll library has not been found


DESKTOP-8JM6BMA	Wed Oct 11 15:15:59 2017
	ib_util init failed, UDFs can't be used - looks like firebird misconfigured
	
	D:\PROJETOS\Java Projects\BMKey\bin/ib_util.dll library has not been found
	D:\PROJETOS\Java Projects\BMKey\ib_util.dll library has not been found
	ib_util.dll library has not been found


DESKTOP-8JM6BMA	Wed Oct 11 15:16:01 2017
	Shutting down the server with 2 active connection(s) to 1 database(s), 0 active service(s)


DESKTOP-8JM6BMA	Wed Oct 11 15:20:15 2017
	ib_util init failed, UDFs can't be used - looks like firebird misconfigured
	
	D:\PROJETOS\Java Projects\BMKey\bin/ib_util.dll library has not been found
	D:\PROJETOS\Java Projects\BMKey\ib_util.dll library has not been found
	ib_util.dll library has not been found


DESKTOP-8JM6BMA	Wed Oct 11 15:22:53 2017
	ib_util init failed, UDFs can't be used - looks like firebird misconfigured
	
	D:\PROJETOS\Java Projects\BMKey\bin/ib_util.dll library has not been found
	D:\PROJETOS\Java Projects\BMKey\ib_util.dll library has not been found
	ib_util.dll library has not been found


DESKTOP-8JM6BMA	Wed Oct 11 15:22:54 2017
	Shutting down the server with 1 active connection(s) to 1 database(s), 0 active service(s)


DESKTOP-8JM6BMA	Wed Oct 11 16:23:49 2017
	ib_util init failed, UDFs can't be used - looks like firebird misconfigured
	
	D:\PROJETOS\Java Projects\BMKey\bin/ib_util.dll library has not been found
	D:\PROJETOS\Java Projects\BMKey\ib_util.dll library has not been found
	ib_util.dll library has not been found


DESKTOP-8JM6BMA	Wed Oct 11 16:23:50 2017
	Shutting down the server with 2 active connection(s) to 1 database(s), 0 active service(s)


DESKTOP-8JM6BMA	Wed Oct 11 16:54:50 2017
	ib_util init failed, UDFs can't be used - looks like firebird misconfigured
	
	D:\PROJETOS\Java Projects\BMKey\bin/ib_util.dll library has not been found
	D:\PROJETOS\Java Projects\BMKey\ib_util.dll library has not been found
	ib_util.dll library has not been found


DESKTOP-8JM6BMA	Wed Oct 11 16:54:50 2017
	Shutting down the server with 2 active connection(s) to 1 database(s), 0 active service(s)


DESKTOP-8JM6BMA	Wed Oct 11 16:55:17 2017
	ib_util init failed, UDFs can't be used - looks like firebird misconfigured
	
	D:\PROJETOS\Java Projects\BMKey\bin/ib_util.dll library has not been found
	D:\PROJETOS\Java Projects\BMKey\ib_util.dll library has not been found
	ib_util.dll library has not been found


DESKTOP-8JM6BMA	Wed Oct 11 16:55:17 2017
	Shutting down the server with 2 active connection(s) to 1 database(s), 0 active service(s)


DESKTOP-8JM6BMA	Wed Oct 11 16:56:18 2017
	ib_util init failed, UDFs can't be used - looks like firebird misconfigured
	
	D:\PROJETOS\Java Projects\BMKey\bin/ib_util.dll library has not been found
	D:\PROJETOS\Java Projects\BMKey\ib_util.dll library has not been found
	ib_util.dll library has not been found


DESKTOP-8JM6BMA	Wed Oct 11 16:56:18 2017
	Shutting down the server with 4 active connection(s) to 1 database(s), 0 active service(s)


DESKTOP-8JM6BMA	Wed Oct 11 16:56:33 2017
	ib_util init failed, UDFs can't be used - looks like firebird misconfigured
	
	D:\PROJETOS\Java Projects\BMKey\bin/ib_util.dll library has not been found
	D:\PROJETOS\Java Projects\BMKey\ib_util.dll library has not been found
	ib_util.dll library has not been found


DESKTOP-8JM6BMA	Wed Oct 11 16:56:34 2017
	Shutting down the server with 4 active connection(s) to 1 database(s), 0 active service(s)


DESKTOP-8JM6BMA	Wed Oct 11 16:56:43 2017
	ib_util init failed, UDFs can't be used - looks like firebird misconfigured
	
	D:\PROJETOS\Java Projects\BMKey\bin/ib_util.dll library has not been found
	D:\PROJETOS\Java Projects\BMKey\ib_util.dll library has not been found
	ib_util.dll library has not been found


DESKTOP-8JM6BMA	Wed Oct 11 16:56:44 2017
	Shutting down the server with 4 active connection(s) to 1 database(s), 0 active service(s)


DESKTOP-8JM6BMA	Wed Oct 11 16:56:52 2017
	ib_util init failed, UDFs can't be used - looks like firebird misconfigured
	
	D:\PROJETOS\Java Projects\BMKey\bin/ib_util.dll library has not been found
	D:\PROJETOS\Java Projects\BMKey\ib_util.dll library has not been found
	ib_util.dll library has not been found


DESKTOP-8JM6BMA	Wed Oct 11 16:56:53 2017
	Shutting down the server with 4 active connection(s) to 1 database(s), 0 active service(s)


DESKTOP-8JM6BMA	Wed Oct 11 16:57:08 2017
	ib_util init failed, UDFs can't be used - looks like firebird misconfigured
	
	D:\PROJETOS\Java Projects\BMKey\bin/ib_util.dll library has not been found
	D:\PROJETOS\Java Projects\BMKey\ib_util.dll library has not been found
	ib_util.dll library has not been found


DESKTOP-8JM6BMA	Wed Oct 11 16:57:09 2017
	Shutting down the server with 4 active connection(s) to 1 database(s), 0 active service(s)


DESKTOP-8JM6BMA	Wed Oct 11 16:57:17 2017
	ib_util init failed, UDFs can't be used - looks like firebird misconfigured
	
	D:\PROJETOS\Java Projects\BMKey\bin/ib_util.dll library has not been found
	D:\PROJETOS\Java Projects\BMKey\ib_util.dll library has not been found
	ib_util.dll library has not been found


DESKTOP-8JM6BMA	Wed Oct 11 16:57:18 2017
	Shutting down the server with 4 active connection(s) to 1 database(s), 0 active service(s)


DESKTOP-8JM6BMA	Wed Oct 11 16:57:26 2017
	ib_util init failed, UDFs can't be used - looks like firebird misconfigured
	
	D:\PROJETOS\Java Projects\BMKey\bin/ib_util.dll library has not been found
	D:\PROJETOS\Java Projects\BMKey\ib_util.dll library has not been found
	ib_util.dll library has not been found


DESKTOP-8JM6BMA	Wed Oct 11 16:57:27 2017
	Shutting down the server with 4 active connection(s) to 1 database(s), 0 active service(s)


DESKTOP-8JM6BMA	Wed Oct 11 16:57:38 2017
	ib_util init failed, UDFs can't be used - looks like firebird misconfigured
	
	D:\PROJETOS\Java Projects\BMKey\bin/ib_util.dll library has not been found
	D:\PROJETOS\Java Projects\BMKey\ib_util.dll library has not been found
	ib_util.dll library has not been found


DESKTOP-8JM6BMA	Wed Oct 11 16:57:38 2017
	Shutting down the server with 4 active connection(s) to 1 database(s), 0 active service(s)


DESKTOP-8JM6BMA	Wed Oct 11 16:57:48 2017
	ib_util init failed, UDFs can't be used - looks like firebird misconfigured
	
	D:\PROJETOS\Java Projects\BMKey\bin/ib_util.dll library has not been found
	D:\PROJETOS\Java Projects\BMKey\ib_util.dll library has not been found
	ib_util.dll library has not been found


DESKTOP-8JM6BMA	Wed Oct 11 16:57:49 2017
	Shutting down the server with 4 active connection(s) to 1 database(s), 0 active service(s)


DESKTOP-8JM6BMA	Wed Oct 11 17:02:05 2017
	ib_util init failed, UDFs can't be used - looks like firebird misconfigured
	
	D:\PROJETOS\Java Projects\BMKey\bin/ib_util.dll library has not been found
	D:\PROJETOS\Java Projects\BMKey\ib_util.dll library has not been found
	ib_util.dll library has not been found


DESKTOP-8JM6BMA	Wed Oct 11 17:02:05 2017
	Shutting down the server with 4 active connection(s) to 1 database(s), 0 active service(s)


DESKTOP-8JM6BMA	Wed Oct 11 17:02:39 2017
	ib_util init failed, UDFs can't be used - looks like firebird misconfigured
	
	D:\PROJETOS\Java Projects\BMKey\bin/ib_util.dll library has not been found
	D:\PROJETOS\Java Projects\BMKey\ib_util.dll library has not been found
	ib_util.dll library has not been found


DESKTOP-8JM6BMA	Wed Oct 11 17:02:40 2017
	Shutting down the server with 4 active connection(s) to 1 database(s), 0 active service(s)


DESKTOP-8JM6BMA	Wed Oct 11 17:03:26 2017
	ib_util init failed, UDFs can't be used - looks like firebird misconfigured
	
	D:\PROJETOS\Java Projects\BMKey\bin/ib_util.dll library has not been found
	D:\PROJETOS\Java Projects\BMKey\ib_util.dll library has not been found
	ib_util.dll library has not been found


DESKTOP-8JM6BMA	Wed Oct 11 17:03:26 2017
	Shutting down the server with 4 active connection(s) to 1 database(s), 0 active service(s)


DESKTOP-8JM6BMA	Wed Oct 11 17:03:53 2017
	ib_util init failed, UDFs can't be used - looks like firebird misconfigured
	
	D:\PROJETOS\Java Projects\BMKey\bin/ib_util.dll library has not been found
	D:\PROJETOS\Java Projects\BMKey\ib_util.dll library has not been found
	ib_util.dll library has not been found


DESKTOP-8JM6BMA	Wed Oct 11 17:03:54 2017
	Shutting down the server with 4 active connection(s) to 1 database(s), 0 active service(s)


DESKTOP-8JM6BMA	Wed Oct 11 17:06:29 2017
	ib_util init failed, UDFs can't be used - looks like firebird misconfigured
	
	D:\PROJETOS\Java Projects\BMKey\bin/ib_util.dll library has not been found
	D:\PROJETOS\Java Projects\BMKey\ib_util.dll library has not been found
	ib_util.dll library has not been found


DESKTOP-8JM6BMA	Wed Oct 11 17:06:30 2017
	Shutting down the server with 4 active connection(s) to 1 database(s), 0 active service(s)


DESKTOP-8JM6BMA	Wed Oct 11 17:06:59 2017
	ib_util init failed, UDFs can't be used - looks like firebird misconfigured
	
	D:\PROJETOS\Java Projects\BMKey\bin/ib_util.dll library has not been found
	D:\PROJETOS\Java Projects\BMKey\ib_util.dll library has not been found
	ib_util.dll library has not been found


DESKTOP-8JM6BMA	Wed Oct 11 17:07:00 2017
	Shutting down the server with 4 active connection(s) to 1 database(s), 0 active service(s)


DESKTOP-8JM6BMA	Thu Oct 12 09:39:39 2017
	ib_util init failed, UDFs can't be used - looks like firebird misconfigured
	
	D:\PROJETOS\Java Projects\BMKey\bin/ib_util.dll library has not been found
	D:\PROJETOS\Java Projects\BMKey\ib_util.dll library has not been found
	ib_util.dll library has not been found


DESKTOP-8JM6BMA	Thu Oct 12 09:39:47 2017
	Shutting down the server with 2 active connection(s) to 1 database(s), 0 active service(s)


DESKTOP-8JM6BMA	Thu Oct 12 10:26:22 2017
	ib_util init failed, UDFs can't be used - looks like firebird misconfigured
	
	D:\PROJETOS\Java Projects\BMKey\bin/ib_util.dll library has not been found
	D:\PROJETOS\Java Projects\BMKey\ib_util.dll library has not been found
	ib_util.dll library has not been found


DESKTOP-8JM6BMA	Thu Oct 12 10:26:48 2017
	Shutting down the server with 1 active connection(s) to 1 database(s), 0 active service(s)


DESKTOP-8JM6BMA	Thu Oct 12 10:27:03 2017
	ib_util init failed, UDFs can't be used - looks like firebird misconfigured
	
	D:\PROJETOS\Java Projects\BMKey\bin/ib_util.dll library has not been found
	D:\PROJETOS\Java Projects\BMKey\ib_util.dll library has not been found
	ib_util.dll library has not been found


DESKTOP-8JM6BMA	Thu Oct 12 10:27:04 2017
	Shutting down the server with 3 active connection(s) to 1 database(s), 0 active service(s)


DESKTOP-8JM6BMA	Thu Oct 12 10:27:38 2017
	ib_util init failed, UDFs can't be used - looks like firebird misconfigured
	
	D:\PROJETOS\Java Projects\BMKey\bin/ib_util.dll library has not been found
	D:\PROJETOS\Java Projects\BMKey\ib_util.dll library has not been found
	ib_util.dll library has not been found


DESKTOP-8JM6BMA	Thu Oct 12 10:28:17 2017
	ib_util init failed, UDFs can't be used - looks like firebird misconfigured
	
	D:\PROJETOS\Java Projects\BMKey\bin/ib_util.dll library has not been found
	D:\PROJETOS\Java Projects\BMKey\ib_util.dll library has not been found
	ib_util.dll library has not been found


DESKTOP-8JM6BMA	Thu Oct 12 10:30:10 2017
	ib_util init failed, UDFs can't be used - looks like firebird misconfigured
	
	D:\PROJETOS\Java Projects\BMKey\bin/ib_util.dll library has not been found
	D:\PROJETOS\Java Projects\BMKey\ib_util.dll library has not been found
	ib_util.dll library has not been found


DESKTOP-8JM6BMA	Thu Oct 12 10:30:13 2017
	Shutting down the server with 2 active connection(s) to 1 database(s), 0 active service(s)


DESKTOP-8JM6BMA	Thu Oct 12 10:31:02 2017
	ib_util init failed, UDFs can't be used - looks like firebird misconfigured
	
	D:\PROJETOS\Java Projects\BMKey\bin/ib_util.dll library has not been found
	D:\PROJETOS\Java Projects\BMKey\ib_util.dll library has not been found
	ib_util.dll library has not been found


DESKTOP-8JM6BMA	Thu Oct 12 10:31:11 2017
	Shutting down the server with 2 active connection(s) to 1 database(s), 0 active service(s)


DESKTOP-8JM6BMA	Thu Oct 12 10:31:26 2017
	ib_util init failed, UDFs can't be used - looks like firebird misconfigured
	
	D:\PROJETOS\Java Projects\BMKey\bin/ib_util.dll library has not been found
	D:\PROJETOS\Java Projects\BMKey\ib_util.dll library has not been found
	ib_util.dll library has not been found


DESKTOP-8JM6BMA	Thu Oct 12 10:32:05 2017
	ib_util init failed, UDFs can't be used - looks like firebird misconfigured
	
	D:\PROJETOS\Java Projects\BMKey\bin/ib_util.dll library has not been found
	D:\PROJETOS\Java Projects\BMKey\ib_util.dll library has not been found
	ib_util.dll library has not been found


DESKTOP-8JM6BMA	Thu Oct 12 10:32:06 2017
	Shutting down the server with 3 active connection(s) to 1 database(s), 0 active service(s)


DESKTOP-8JM6BMA	Thu Oct 12 10:32:11 2017
	ib_util init failed, UDFs can't be used - looks like firebird misconfigured
	
	D:\PROJETOS\Java Projects\BMKey\bin/ib_util.dll library has not been found
	D:\PROJETOS\Java Projects\BMKey\ib_util.dll library has not been found
	ib_util.dll library has not been found


DESKTOP-8JM6BMA	Thu Oct 12 10:32:14 2017
	Shutting down the server with 2 active connection(s) to 1 database(s), 0 active service(s)


DESKTOP-8JM6BMA	Thu Oct 12 10:32:16 2017
	ib_util init failed, UDFs can't be used - looks like firebird misconfigured
	
	D:\PROJETOS\Java Projects\BMKey\bin/ib_util.dll library has not been found
	D:\PROJETOS\Java Projects\BMKey\ib_util.dll library has not been found
	ib_util.dll library has not been found


DESKTOP-8JM6BMA	Thu Oct 12 10:32:24 2017
	Shutting down the server with 3 active connection(s) to 1 database(s), 0 active service(s)


DESKTOP-8JM6BMA	Thu Oct 12 10:32:35 2017
	ib_util init failed, UDFs can't be used - looks like firebird misconfigured
	
	D:\PROJETOS\Java Projects\BMKey\bin/ib_util.dll library has not been found
	D:\PROJETOS\Java Projects\BMKey\ib_util.dll library has not been found
	ib_util.dll library has not been found


DESKTOP-8JM6BMA	Thu Oct 12 10:32:46 2017
	Shutting down the server with 2 active connection(s) to 1 database(s), 0 active service(s)


DESKTOP-8JM6BMA	Thu Oct 12 10:32:50 2017
	ib_util init failed, UDFs can't be used - looks like firebird misconfigured
	
	D:\PROJETOS\Java Projects\BMKey\bin/ib_util.dll library has not been found
	D:\PROJETOS\Java Projects\BMKey\ib_util.dll library has not been found
	ib_util.dll library has not been found


DESKTOP-8JM6BMA	Thu Oct 12 10:32:53 2017
	Shutting down the server with 2 active connection(s) to 1 database(s), 0 active service(s)


DESKTOP-8JM6BMA	Thu Oct 12 10:32:55 2017
	ib_util init failed, UDFs can't be used - looks like firebird misconfigured
	
	D:\PROJETOS\Java Projects\BMKey\bin/ib_util.dll library has not been found
	D:\PROJETOS\Java Projects\BMKey\ib_util.dll library has not been found
	ib_util.dll library has not been found


DESKTOP-8JM6BMA	Thu Oct 12 10:33:21 2017
	ib_util init failed, UDFs can't be used - looks like firebird misconfigured
	
	D:\PROJETOS\Java Projects\BMKey\bin/ib_util.dll library has not been found
	D:\PROJETOS\Java Projects\BMKey\ib_util.dll library has not been found
	ib_util.dll library has not been found


DESKTOP-8JM6BMA	Thu Oct 12 10:33:22 2017
	Shutting down the server with 3 active connection(s) to 1 database(s), 0 active service(s)


DESKTOP-8JM6BMA	Thu Oct 12 10:33:31 2017
	ib_util init failed, UDFs can't be used - looks like firebird misconfigured
	
	D:\PROJETOS\Java Projects\BMKey\bin/ib_util.dll library has not been found
	D:\PROJETOS\Java Projects\BMKey\ib_util.dll library has not been found
	ib_util.dll library has not been found


DESKTOP-8JM6BMA	Thu Oct 12 10:33:34 2017
	Shutting down the server with 2 active connection(s) to 1 database(s), 0 active service(s)


DESKTOP-8JM6BMA	Thu Oct 12 10:33:34 2017
	ib_util init failed, UDFs can't be used - looks like firebird misconfigured
	
	D:\PROJETOS\Java Projects\BMKey\bin/ib_util.dll library has not been found
	D:\PROJETOS\Java Projects\BMKey\ib_util.dll library has not been found
	ib_util.dll library has not been found


DESKTOP-8JM6BMA	Thu Oct 12 10:33:42 2017
	Shutting down the server with 3 active connection(s) to 1 database(s), 0 active service(s)


DESKTOP-8JM6BMA	Thu Oct 12 10:33:51 2017
	ib_util init failed, UDFs can't be used - looks like firebird misconfigured
	
	D:\PROJETOS\Java Projects\BMKey\bin/ib_util.dll library has not been found
	D:\PROJETOS\Java Projects\BMKey\ib_util.dll library has not been found
	ib_util.dll library has not been found


DESKTOP-8JM6BMA	Thu Oct 12 10:34:01 2017
	Shutting down the server with 2 active connection(s) to 1 database(s), 0 active service(s)


DESKTOP-8JM6BMA	Thu Oct 12 10:34:31 2017
	ib_util init failed, UDFs can't be used - looks like firebird misconfigured
	
	D:\PROJETOS\Java Projects\BMKey\bin/ib_util.dll library has not been found
	D:\PROJETOS\Java Projects\BMKey\ib_util.dll library has not been found
	ib_util.dll library has not been found


DESKTOP-8JM6BMA	Thu Oct 12 10:34:36 2017
	Shutting down the server with 2 active connection(s) to 1 database(s), 0 active service(s)


DESKTOP-8JM6BMA	Thu Oct 12 10:34:46 2017
	ib_util init failed, UDFs can't be used - looks like firebird misconfigured
	
	D:\PROJETOS\Java Projects\BMKey\bin/ib_util.dll library has not been found
	D:\PROJETOS\Java Projects\BMKey\ib_util.dll library has not been found
	ib_util.dll library has not been found


DESKTOP-8JM6BMA	Thu Oct 12 10:34:54 2017
	Shutting down the server with 2 active connection(s) to 1 database(s), 0 active service(s)


DESKTOP-8JM6BMA	Thu Oct 12 10:35:05 2017
	ib_util init failed, UDFs can't be used - looks like firebird misconfigured
	
	D:\PROJETOS\Java Projects\BMKey\bin/ib_util.dll library has not been found
	D:\PROJETOS\Java Projects\BMKey\ib_util.dll library has not been found
	ib_util.dll library has not been found


DESKTOP-8JM6BMA	Thu Oct 12 10:35:08 2017
	Shutting down the server with 2 active connection(s) to 1 database(s), 0 active service(s)


DESKTOP-8JM6BMA	Thu Oct 12 10:36:27 2017
	ib_util init failed, UDFs can't be used - looks like firebird misconfigured
	
	D:\PROJETOS\Java Projects\BMKey\bin/ib_util.dll library has not been found
	D:\PROJETOS\Java Projects\BMKey\ib_util.dll library has not been found
	ib_util.dll library has not been found


DESKTOP-8JM6BMA	Thu Oct 12 10:36:30 2017
	Shutting down the server with 2 active connection(s) to 1 database(s), 0 active service(s)


DESKTOP-8JM6BMA	Thu Oct 12 10:36:52 2017
	ib_util init failed, UDFs can't be used - looks like firebird misconfigured
	
	D:\PROJETOS\Java Projects\BMKey\bin/ib_util.dll library has not been found
	D:\PROJETOS\Java Projects\BMKey\ib_util.dll library has not been found
	ib_util.dll library has not been found


DESKTOP-8JM6BMA	Thu Oct 12 10:36:57 2017
	Shutting down the server with 2 active connection(s) to 1 database(s), 0 active service(s)


DESKTOP-8JM6BMA	Thu Oct 12 10:38:35 2017
	ib_util init failed, UDFs can't be used - looks like firebird misconfigured
	
	D:\PROJETOS\Java Projects\BMKey\bin/ib_util.dll library has not been found
	D:\PROJETOS\Java Projects\BMKey\ib_util.dll library has not been found
	ib_util.dll library has not been found


DESKTOP-8JM6BMA	Thu Oct 12 10:38:42 2017
	Shutting down the server with 2 active connection(s) to 1 database(s), 0 active service(s)


DESKTOP-8JM6BMA	Thu Oct 12 10:40:01 2017
	ib_util init failed, UDFs can't be used - looks like firebird misconfigured
	
	D:\PROJETOS\Java Projects\BMKey\bin/ib_util.dll library has not been found
	D:\PROJETOS\Java Projects\BMKey\ib_util.dll library has not been found
	ib_util.dll library has not been found


DESKTOP-8JM6BMA	Thu Oct 12 10:40:38 2017
	Shutting down the server with 2 active connection(s) to 1 database(s), 0 active service(s)


DESKTOP-8JM6BMA	Thu Oct 12 11:08:11 2017
	ib_util init failed, UDFs can't be used - looks like firebird misconfigured
	
	D:\PROJETOS\Java Projects\BMKey\bin/ib_util.dll library has not been found
	D:\PROJETOS\Java Projects\BMKey\ib_util.dll library has not been found
	ib_util.dll library has not been found


DESKTOP-8JM6BMA	Thu Oct 12 11:08:23 2017
	Shutting down the server with 2 active connection(s) to 1 database(s), 0 active service(s)


DESKTOP-8JM6BMA	Thu Oct 12 11:08:50 2017
	ib_util init failed, UDFs can't be used - looks like firebird misconfigured
	
	D:\PROJETOS\Java Projects\BMKey\bin/ib_util.dll library has not been found
	D:\PROJETOS\Java Projects\BMKey\ib_util.dll library has not been found
	ib_util.dll library has not been found


DESKTOP-8JM6BMA	Thu Oct 12 11:08:57 2017
	Shutting down the server with 2 active connection(s) to 1 database(s), 0 active service(s)


DESKTOP-8JM6BMA	Thu Oct 12 11:09:44 2017
	ib_util init failed, UDFs can't be used - looks like firebird misconfigured
	
	D:\PROJETOS\Java Projects\BMKey\bin/ib_util.dll library has not been found
	D:\PROJETOS\Java Projects\BMKey\ib_util.dll library has not been found
	ib_util.dll library has not been found


DESKTOP-8JM6BMA	Thu Oct 12 11:09:52 2017
	Shutting down the server with 2 active connection(s) to 1 database(s), 0 active service(s)


DESKTOP-8JM6BMA	Thu Oct 12 11:10:19 2017
	ib_util init failed, UDFs can't be used - looks like firebird misconfigured
	
	D:\PROJETOS\Java Projects\BMKey\bin/ib_util.dll library has not been found
	D:\PROJETOS\Java Projects\BMKey\ib_util.dll library has not been found
	ib_util.dll library has not been found


DESKTOP-8JM6BMA	Thu Oct 12 11:10:32 2017
	Shutting down the server with 2 active connection(s) to 1 database(s), 0 active service(s)


DESKTOP-8JM6BMA	Thu Oct 12 11:11:24 2017
	ib_util init failed, UDFs can't be used - looks like firebird misconfigured
	
	D:\PROJETOS\Java Projects\BMKey\bin/ib_util.dll library has not been found
	D:\PROJETOS\Java Projects\BMKey\ib_util.dll library has not been found
	ib_util.dll library has not been found


DESKTOP-8JM6BMA	Thu Oct 12 11:11:33 2017
	Shutting down the server with 2 active connection(s) to 1 database(s), 0 active service(s)


DESKTOP-8JM6BMA	Thu Oct 12 11:11:42 2017
	ib_util init failed, UDFs can't be used - looks like firebird misconfigured
	
	D:\PROJETOS\Java Projects\BMKey\bin/ib_util.dll library has not been found
	D:\PROJETOS\Java Projects\BMKey\ib_util.dll library has not been found
	ib_util.dll library has not been found


DESKTOP-8JM6BMA	Thu Oct 12 11:11:49 2017
	Shutting down the server with 2 active connection(s) to 1 database(s), 0 active service(s)


DESKTOP-8JM6BMA	Thu Oct 12 11:13:37 2017
	ib_util init failed, UDFs can't be used - looks like firebird misconfigured
	
	D:\PROJETOS\Java Projects\BMKey\bin/ib_util.dll library has not been found
	D:\PROJETOS\Java Projects\BMKey\ib_util.dll library has not been found
	ib_util.dll library has not been found


DESKTOP-8JM6BMA	Thu Oct 12 11:13:47 2017
	Shutting down the server with 2 active connection(s) to 1 database(s), 0 active service(s)


DESKTOP-8JM6BMA	Thu Oct 12 11:14:01 2017
	ib_util init failed, UDFs can't be used - looks like firebird misconfigured
	
	D:\PROJETOS\Java Projects\BMKey\bin/ib_util.dll library has not been found
	D:\PROJETOS\Java Projects\BMKey\ib_util.dll library has not been found
	ib_util.dll library has not been found


DESKTOP-8JM6BMA	Thu Oct 12 11:14:07 2017
	Shutting down the server with 2 active connection(s) to 1 database(s), 0 active service(s)


DESKTOP-8JM6BMA	Thu Oct 12 11:14:21 2017
	ib_util init failed, UDFs can't be used - looks like firebird misconfigured
	
	D:\PROJETOS\Java Projects\BMKey\bin/ib_util.dll library has not been found
	D:\PROJETOS\Java Projects\BMKey\ib_util.dll library has not been found
	ib_util.dll library has not been found


DESKTOP-8JM6BMA	Thu Oct 12 11:14:47 2017
	ib_util init failed, UDFs can't be used - looks like firebird misconfigured
	
	D:\PROJETOS\Java Projects\BMKey\bin/ib_util.dll library has not been found
	D:\PROJETOS\Java Projects\BMKey\ib_util.dll library has not been found
	ib_util.dll library has not been found


DESKTOP-8JM6BMA	Thu Oct 12 11:14:47 2017
	Shutting down the server with 3 active connection(s) to 1 database(s), 0 active service(s)


DESKTOP-8JM6BMA	Thu Oct 12 11:16:07 2017
	ib_util init failed, UDFs can't be used - looks like firebird misconfigured
	
	D:\PROJETOS\Java Projects\BMKey\bin/ib_util.dll library has not been found
	D:\PROJETOS\Java Projects\BMKey\ib_util.dll library has not been found
	ib_util.dll library has not been found


DESKTOP-8JM6BMA	Thu Oct 12 11:16:10 2017
	Shutting down the server with 2 active connection(s) to 1 database(s), 0 active service(s)


DESKTOP-8JM6BMA	Thu Oct 12 11:16:13 2017
	ib_util init failed, UDFs can't be used - looks like firebird misconfigured
	
	D:\PROJETOS\Java Projects\BMKey\bin/ib_util.dll library has not been found
	D:\PROJETOS\Java Projects\BMKey\ib_util.dll library has not been found
	ib_util.dll library has not been found


DESKTOP-8JM6BMA	Thu Oct 12 11:16:22 2017
	Shutting down the server with 3 active connection(s) to 1 database(s), 0 active service(s)


DESKTOP-8JM6BMA	Thu Oct 12 11:16:32 2017
	ib_util init failed, UDFs can't be used - looks like firebird misconfigured
	
	D:\PROJETOS\Java Projects\BMKey\bin/ib_util.dll library has not been found
	D:\PROJETOS\Java Projects\BMKey\ib_util.dll library has not been found
	ib_util.dll library has not been found


DESKTOP-8JM6BMA	Thu Oct 12 11:16:42 2017
	Shutting down the server with 2 active connection(s) to 1 database(s), 0 active service(s)


DESKTOP-8JM6BMA	Thu Oct 12 11:24:15 2017
	ib_util init failed, UDFs can't be used - looks like firebird misconfigured
	
	D:\PROJETOS\Java Projects\BMKey\bin/ib_util.dll library has not been found
	D:\PROJETOS\Java Projects\BMKey\ib_util.dll library has not been found
	ib_util.dll library has not been found


DESKTOP-8JM6BMA	Thu Oct 12 11:24:23 2017
	Shutting down the server with 2 active connection(s) to 1 database(s), 0 active service(s)


DESKTOP-8JM6BMA	Thu Oct 12 11:24:34 2017
	ib_util init failed, UDFs can't be used - looks like firebird misconfigured
	
	D:\PROJETOS\Java Projects\BMKey\bin/ib_util.dll library has not been found
	D:\PROJETOS\Java Projects\BMKey\ib_util.dll library has not been found
	ib_util.dll library has not been found


DESKTOP-8JM6BMA	Thu Oct 12 11:24:38 2017
	Shutting down the server with 2 active connection(s) to 1 database(s), 0 active service(s)


DESKTOP-8JM6BMA	Thu Oct 12 11:25:02 2017
	ib_util init failed, UDFs can't be used - looks like firebird misconfigured
	
	D:\PROJETOS\Java Projects\BMKey\bin/ib_util.dll library has not been found
	D:\PROJETOS\Java Projects\BMKey\ib_util.dll library has not been found
	ib_util.dll library has not been found


DESKTOP-8JM6BMA	Thu Oct 12 11:25:26 2017
	ib_util init failed, UDFs can't be used - looks like firebird misconfigured
	
	D:\PROJETOS\Java Projects\BMKey\bin/ib_util.dll library has not been found
	D:\PROJETOS\Java Projects\BMKey\ib_util.dll library has not been found
	ib_util.dll library has not been found


DESKTOP-8JM6BMA	Thu Oct 12 11:25:26 2017
	Shutting down the server with 3 active connection(s) to 1 database(s), 0 active service(s)


DESKTOP-8JM6BMA	Thu Oct 12 11:25:31 2017
	ib_util init failed, UDFs can't be used - looks like firebird misconfigured
	
	D:\PROJETOS\Java Projects\BMKey\bin/ib_util.dll library has not been found
	D:\PROJETOS\Java Projects\BMKey\ib_util.dll library has not been found
	ib_util.dll library has not been found


DESKTOP-8JM6BMA	Thu Oct 12 11:25:34 2017
	Shutting down the server with 2 active connection(s) to 1 database(s), 0 active service(s)


DESKTOP-8JM6BMA	Thu Oct 12 11:25:36 2017
	ib_util init failed, UDFs can't be used - looks like firebird misconfigured
	
	D:\PROJETOS\Java Projects\BMKey\bin/ib_util.dll library has not been found
	D:\PROJETOS\Java Projects\BMKey\ib_util.dll library has not been found
	ib_util.dll library has not been found


DESKTOP-8JM6BMA	Thu Oct 12 11:25:50 2017
	Shutting down the server with 3 active connection(s) to 1 database(s), 0 active service(s)


DESKTOP-8JM6BMA	Thu Oct 12 11:26:01 2017
	ib_util init failed, UDFs can't be used - looks like firebird misconfigured
	
	D:\PROJETOS\Java Projects\BMKey\bin/ib_util.dll library has not been found
	D:\PROJETOS\Java Projects\BMKey\ib_util.dll library has not been found
	ib_util.dll library has not been found


DESKTOP-8JM6BMA	Thu Oct 12 11:26:05 2017
	Shutting down the server with 2 active connection(s) to 1 database(s), 0 active service(s)


DESKTOP-8JM6BMA	Thu Oct 12 11:26:15 2017
	ib_util init failed, UDFs can't be used - looks like firebird misconfigured
	
	D:\PROJETOS\Java Projects\BMKey\bin/ib_util.dll library has not been found
	D:\PROJETOS\Java Projects\BMKey\ib_util.dll library has not been found
	ib_util.dll library has not been found


DESKTOP-8JM6BMA	Thu Oct 12 11:26:25 2017
	Shutting down the server with 2 active connection(s) to 1 database(s), 0 active service(s)


DESKTOP-8JM6BMA	Thu Oct 12 11:26:35 2017
	ib_util init failed, UDFs can't be used - looks like firebird misconfigured
	
	D:\PROJETOS\Java Projects\BMKey\bin/ib_util.dll library has not been found
	D:\PROJETOS\Java Projects\BMKey\ib_util.dll library has not been found
	ib_util.dll library has not been found


DESKTOP-8JM6BMA	Thu Oct 12 11:26:42 2017
	ib_util init failed, UDFs can't be used - looks like firebird misconfigured
	
	D:\PROJETOS\Java Projects\BMKey\bin/ib_util.dll library has not been found
	D:\PROJETOS\Java Projects\BMKey\ib_util.dll library has not been found
	ib_util.dll library has not been found


DESKTOP-8JM6BMA	Thu Oct 12 11:26:45 2017
	Shutting down the server with 2 active connection(s) to 1 database(s), 0 active service(s)


DESKTOP-8JM6BMA	Thu Oct 12 11:26:47 2017
	ib_util init failed, UDFs can't be used - looks like firebird misconfigured
	
	D:\PROJETOS\Java Projects\BMKey\bin/ib_util.dll library has not been found
	D:\PROJETOS\Java Projects\BMKey\ib_util.dll library has not been found
	ib_util.dll library has not been found


DESKTOP-8JM6BMA	Thu Oct 12 11:26:52 2017
	Shutting down the server with 3 active connection(s) to 1 database(s), 0 active service(s)


DESKTOP-8JM6BMA	Thu Oct 12 11:27:09 2017
	ib_util init failed, UDFs can't be used - looks like firebird misconfigured
	
	D:\PROJETOS\Java Projects\BMKey\bin/ib_util.dll library has not been found
	D:\PROJETOS\Java Projects\BMKey\ib_util.dll library has not been found
	ib_util.dll library has not been found


DESKTOP-8JM6BMA	Thu Oct 12 11:27:13 2017
	Shutting down the server with 2 active connection(s) to 1 database(s), 0 active service(s)


DESKTOP-8JM6BMA	Thu Oct 12 11:29:06 2017
	ib_util init failed, UDFs can't be used - looks like firebird misconfigured
	
	D:\PROJETOS\Java Projects\BMKey\bin/ib_util.dll library has not been found
	D:\PROJETOS\Java Projects\BMKey\ib_util.dll library has not been found
	ib_util.dll library has not been found


DESKTOP-8JM6BMA	Thu Oct 12 11:29:14 2017
	Shutting down the server with 2 active connection(s) to 1 database(s), 0 active service(s)


DESKTOP-8JM6BMA	Thu Oct 12 11:29:53 2017
	ib_util init failed, UDFs can't be used - looks like firebird misconfigured
	
	D:\PROJETOS\Java Projects\BMKey\bin/ib_util.dll library has not been found
	D:\PROJETOS\Java Projects\BMKey\ib_util.dll library has not been found
	ib_util.dll library has not been found


DESKTOP-8JM6BMA	Thu Oct 12 11:29:58 2017
	Shutting down the server with 2 active connection(s) to 1 database(s), 0 active service(s)


DESKTOP-8JM6BMA	Thu Oct 12 11:30:27 2017
	ib_util init failed, UDFs can't be used - looks like firebird misconfigured
	
	D:\PROJETOS\Java Projects\BMKey\bin/ib_util.dll library has not been found
	D:\PROJETOS\Java Projects\BMKey\ib_util.dll library has not been found
	ib_util.dll library has not been found


DESKTOP-8JM6BMA	Thu Oct 12 11:30:43 2017
	Shutting down the server with 2 active connection(s) to 1 database(s), 0 active service(s)


DESKTOP-8JM6BMA	Thu Oct 12 11:31:45 2017
	ib_util init failed, UDFs can't be used - looks like firebird misconfigured
	
	D:\PROJETOS\Java Projects\BMKey\bin/ib_util.dll library has not been found
	D:\PROJETOS\Java Projects\BMKey\ib_util.dll library has not been found
	ib_util.dll library has not been found


DESKTOP-8JM6BMA	Thu Oct 12 11:31:50 2017
	Shutting down the server with 2 active connection(s) to 1 database(s), 0 active service(s)


DESKTOP-8JM6BMA	Thu Oct 12 11:32:06 2017
	ib_util init failed, UDFs can't be used - looks like firebird misconfigured
	
	D:\PROJETOS\Java Projects\BMKey\bin/ib_util.dll library has not been found
	D:\PROJETOS\Java Projects\BMKey\ib_util.dll library has not been found
	ib_util.dll library has not been found


DESKTOP-8JM6BMA	Thu Oct 12 11:35:23 2017
	ib_util init failed, UDFs can't be used - looks like firebird misconfigured
	
	D:\PROJETOS\Java Projects\BMKey\bin/ib_util.dll library has not been found
	D:\PROJETOS\Java Projects\BMKey\ib_util.dll library has not been found
	ib_util.dll library has not been found


DESKTOP-8JM6BMA	Thu Oct 12 11:35:48 2017
	Shutting down the server with 3 active connection(s) to 1 database(s), 0 active service(s)


DESKTOP-8JM6BMA	Thu Oct 12 11:35:58 2017
	ib_util init failed, UDFs can't be used - looks like firebird misconfigured
	
	D:\PROJETOS\Java Projects\BMKey\bin/ib_util.dll library has not been found
	D:\PROJETOS\Java Projects\BMKey\ib_util.dll library has not been found
	ib_util.dll library has not been found


DESKTOP-8JM6BMA	Thu Oct 12 11:35:58 2017
	Shutting down the server with 3 active connection(s) to 1 database(s), 0 active service(s)


DESKTOP-8JM6BMA	Thu Oct 12 11:39:00 2017
	ib_util init failed, UDFs can't be used - looks like firebird misconfigured
	
	D:\PROJETOS\Java Projects\BMKey\bin/ib_util.dll library has not been found
	D:\PROJETOS\Java Projects\BMKey\ib_util.dll library has not been found
	ib_util.dll library has not been found


DESKTOP-8JM6BMA	Thu Oct 12 11:39:01 2017
	Shutting down the server with 3 active connection(s) to 1 database(s), 0 active service(s)


DESKTOP-8JM6BMA	Thu Oct 12 11:40:55 2017
	ib_util init failed, UDFs can't be used - looks like firebird misconfigured
	
	D:\PROJETOS\Java Projects\BMKey\bin/ib_util.dll library has not been found
	D:\PROJETOS\Java Projects\BMKey\ib_util.dll library has not been found
	ib_util.dll library has not been found


DESKTOP-8JM6BMA	Thu Oct 12 11:41:01 2017
	Shutting down the server with 2 active connection(s) to 1 database(s), 0 active service(s)


DESKTOP-8JM6BMA	Thu Oct 12 11:41:11 2017
	ib_util init failed, UDFs can't be used - looks like firebird misconfigured
	
	D:\PROJETOS\Java Projects\BMKey\bin/ib_util.dll library has not been found
	D:\PROJETOS\Java Projects\BMKey\ib_util.dll library has not been found
	ib_util.dll library has not been found


DESKTOP-8JM6BMA	Thu Oct 12 11:41:16 2017
	Shutting down the server with 2 active connection(s) to 1 database(s), 0 active service(s)


DESKTOP-8JM6BMA	Thu Oct 12 11:41:46 2017
	ib_util init failed, UDFs can't be used - looks like firebird misconfigured
	
	D:\PROJETOS\Java Projects\BMKey\bin/ib_util.dll library has not been found
	D:\PROJETOS\Java Projects\BMKey\ib_util.dll library has not been found
	ib_util.dll library has not been found


DESKTOP-8JM6BMA	Thu Oct 12 11:41:51 2017
	Shutting down the server with 2 active connection(s) to 1 database(s), 0 active service(s)


DESKTOP-8JM6BMA	Thu Oct 12 11:42:23 2017
	ib_util init failed, UDFs can't be used - looks like firebird misconfigured
	
	D:\PROJETOS\Java Projects\BMKey\bin/ib_util.dll library has not been found
	D:\PROJETOS\Java Projects\BMKey\ib_util.dll library has not been found
	ib_util.dll library has not been found


DESKTOP-8JM6BMA	Thu Oct 12 11:42:28 2017
	Shutting down the server with 2 active connection(s) to 1 database(s), 0 active service(s)


DESKTOP-8JM6BMA	Thu Oct 12 11:43:59 2017
	ib_util init failed, UDFs can't be used - looks like firebird misconfigured
	
	D:\PROJETOS\Java Projects\BMKey\bin/ib_util.dll library has not been found
	D:\PROJETOS\Java Projects\BMKey\ib_util.dll library has not been found
	ib_util.dll library has not been found


DESKTOP-8JM6BMA	Thu Oct 12 11:44:04 2017
	Shutting down the server with 2 active connection(s) to 1 database(s), 0 active service(s)


DESKTOP-8JM6BMA	Thu Oct 12 11:44:24 2017
	ib_util init failed, UDFs can't be used - looks like firebird misconfigured
	
	D:\PROJETOS\Java Projects\BMKey\bin/ib_util.dll library has not been found
	D:\PROJETOS\Java Projects\BMKey\ib_util.dll library has not been found
	ib_util.dll library has not been found


DESKTOP-8JM6BMA	Thu Oct 12 11:44:34 2017
	Shutting down the server with 2 active connection(s) to 1 database(s), 0 active service(s)


DESKTOP-8JM6BMA	Thu Oct 12 11:44:35 2017
	ib_util init failed, UDFs can't be used - looks like firebird misconfigured
	
	D:\PROJETOS\Java Projects\BMKey\bin/ib_util.dll library has not been found
	D:\PROJETOS\Java Projects\BMKey\ib_util.dll library has not been found
	ib_util.dll library has not been found


DESKTOP-8JM6BMA	Thu Oct 12 11:44:54 2017
	ib_util init failed, UDFs can't be used - looks like firebird misconfigured
	
	D:\PROJETOS\Java Projects\BMKey\bin/ib_util.dll library has not been found
	D:\PROJETOS\Java Projects\BMKey\ib_util.dll library has not been found
	ib_util.dll library has not been found


DESKTOP-8JM6BMA	Thu Oct 12 11:44:54 2017
	Shutting down the server with 3 active connection(s) to 1 database(s), 0 active service(s)


DESKTOP-8JM6BMA	Thu Oct 12 11:54:18 2017
	ib_util init failed, UDFs can't be used - looks like firebird misconfigured
	
	D:\PROJETOS\Java Projects\BMKey\bin/ib_util.dll library has not been found
	D:\PROJETOS\Java Projects\BMKey\ib_util.dll library has not been found
	ib_util.dll library has not been found


DESKTOP-8JM6BMA	Thu Oct 12 11:54:19 2017
	Shutting down the server with 3 active connection(s) to 1 database(s), 0 active service(s)


DESKTOP-8JM6BMA	Thu Oct 12 11:55:04 2017
	ib_util init failed, UDFs can't be used - looks like firebird misconfigured
	
	D:\PROJETOS\Java Projects\BMKey\bin/ib_util.dll library has not been found
	D:\PROJETOS\Java Projects\BMKey\ib_util.dll library has not been found
	ib_util.dll library has not been found


DESKTOP-8JM6BMA	Thu Oct 12 11:55:10 2017
	Shutting down the server with 2 active connection(s) to 1 database(s), 0 active service(s)


DESKTOP-8JM6BMA	Thu Oct 12 11:55:20 2017
	ib_util init failed, UDFs can't be used - looks like firebird misconfigured
	
	D:\PROJETOS\Java Projects\BMKey\bin/ib_util.dll library has not been found
	D:\PROJETOS\Java Projects\BMKey\ib_util.dll library has not been found
	ib_util.dll library has not been found


DESKTOP-8JM6BMA	Thu Oct 12 11:55:27 2017
	Shutting down the server with 2 active connection(s) to 1 database(s), 0 active service(s)


DESKTOP-8JM6BMA	Thu Oct 12 11:56:39 2017
	ib_util init failed, UDFs can't be used - looks like firebird misconfigured
	
	D:\PROJETOS\Java Projects\BMKey\bin/ib_util.dll library has not been found
	D:\PROJETOS\Java Projects\BMKey\ib_util.dll library has not been found
	ib_util.dll library has not been found


DESKTOP-8JM6BMA	Thu Oct 12 11:56:42 2017
	Shutting down the server with 2 active connection(s) to 1 database(s), 0 active service(s)


DESKTOP-8JM6BMA	Thu Oct 12 11:56:45 2017
	ib_util init failed, UDFs can't be used - looks like firebird misconfigured
	
	D:\PROJETOS\Java Projects\BMKey\bin/ib_util.dll library has not been found
	D:\PROJETOS\Java Projects\BMKey\ib_util.dll library has not been found
	ib_util.dll library has not been found


DESKTOP-8JM6BMA	Thu Oct 12 11:56:51 2017
	Shutting down the server with 2 active connection(s) to 1 database(s), 0 active service(s)


DESKTOP-8JM6BMA	Thu Oct 12 11:57:13 2017
	ib_util init failed, UDFs can't be used - looks like firebird misconfigured
	
	D:\PROJETOS\Java Projects\BMKey\bin/ib_util.dll library has not been found
	D:\PROJETOS\Java Projects\BMKey\ib_util.dll library has not been found
	ib_util.dll library has not been found


DESKTOP-8JM6BMA	Thu Oct 12 11:57:19 2017
	Shutting down the server with 1 active connection(s) to 1 database(s), 0 active service(s)

