
DESKTOP-8JM6BMA	Fri Sep 15 15:44:20 2017
	ib_util init failed, UDFs can't be used - looks like firebird misconfigured
	
	D:\PROJETOS\Java Projects\TesteFBEmbed\bin/ib_util.dll library has not been found
	D:\PROJETOS\Java Projects\TesteFBEmbed\ib_util.dll library has not been found
	ib_util.dll library has not been found


DESKTOP-8JM6BMA	Fri Sep 15 15:47:29 2017
	ib_util init failed, UDFs can't be used - looks like firebird misconfigured
	
	D:\PROJETOS\Java Projects\TesteFBEmbed\bin/ib_util.dll library has not been found
	D:\PROJETOS\Java Projects\TesteFBEmbed\ib_util.dll library has not been found
	ib_util.dll library has not been found


DESKTOP-8JM6BMA	Fri Sep 15 15:47:50 2017
	ib_util init failed, UDFs can't be used - looks like firebird misconfigured
	
	D:\PROJETOS\Java Projects\TesteFBEmbed\bin/ib_util.dll library has not been found
	D:\PROJETOS\Java Projects\TesteFBEmbed\ib_util.dll library has not been found
	ib_util.dll library has not been found


DESKTOP-8JM6BMA	Fri Sep 15 15:52:26 2017
	ib_util init failed, UDFs can't be used - looks like firebird misconfigured
	
	D:\PROJETOS\Java Projects\TesteFBEmbed\bin/ib_util.dll library has not been found
	D:\PROJETOS\Java Projects\TesteFBEmbed\ib_util.dll library has not been found
	ib_util.dll library has not been found


DESKTOP-8JM6BMA	Fri Sep 15 15:52:35 2017
	ib_util init failed, UDFs can't be used - looks like firebird misconfigured
	
	D:\PROJETOS\Java Projects\TesteFBEmbed\bin/ib_util.dll library has not been found
	D:\PROJETOS\Java Projects\TesteFBEmbed\ib_util.dll library has not been found
	ib_util.dll library has not been found


DESKTOP-8JM6BMA	Fri Sep 15 16:04:18 2017
	ib_util init failed, UDFs can't be used - looks like firebird misconfigured
	
	D:\PROJETOS\Java Projects\TesteFBEmbed\bin/ib_util.dll library has not been found
	D:\PROJETOS\Java Projects\TesteFBEmbed\ib_util.dll library has not been found
	ib_util.dll library has not been found


DESKTOP-8JM6BMA	Fri Sep 15 16:04:19 2017
	Shutting down the server with 1 active connection(s) to 1 database(s), 0 active service(s)


DESKTOP-8JM6BMA	Fri Sep 15 16:04:54 2017
	ib_util init failed, UDFs can't be used - looks like firebird misconfigured
	
	D:\PROJETOS\Java Projects\TesteFBEmbed\bin/ib_util.dll library has not been found
	D:\PROJETOS\Java Projects\TesteFBEmbed\ib_util.dll library has not been found
	ib_util.dll library has not been found


DESKTOP-8JM6BMA	Fri Sep 15 16:04:54 2017
	Shutting down the server with 1 active connection(s) to 1 database(s), 0 active service(s)


DESKTOP-8JM6BMA	Fri Sep 15 16:07:56 2017
	ib_util init failed, UDFs can't be used - looks like firebird misconfigured
	
	D:\PROJETOS\Java Projects\TesteFBEmbed\bin/ib_util.dll library has not been found
	D:\PROJETOS\Java Projects\TesteFBEmbed\ib_util.dll library has not been found
	ib_util.dll library has not been found


DESKTOP-8JM6BMA	Fri Sep 15 16:07:56 2017
	Shutting down the server with 1 active connection(s) to 1 database(s), 0 active service(s)


DESKTOP-8JM6BMA	Fri Sep 15 16:08:43 2017
	ib_util init failed, UDFs can't be used - looks like firebird misconfigured
	
	D:\PROJETOS\Java Projects\TesteFBEmbed\bin/ib_util.dll library has not been found
	D:\PROJETOS\Java Projects\TesteFBEmbed\ib_util.dll library has not been found
	ib_util.dll library has not been found


DESKTOP-8JM6BMA	Fri Sep 15 16:08:43 2017
	Shutting down the server with 1 active connection(s) to 1 database(s), 0 active service(s)


DESKTOP-8JM6BMA	Fri Sep 15 16:08:59 2017
	ib_util init failed, UDFs can't be used - looks like firebird misconfigured
	
	D:\PROJETOS\Java Projects\TesteFBEmbed\bin/ib_util.dll library has not been found
	D:\PROJETOS\Java Projects\TesteFBEmbed\ib_util.dll library has not been found
	ib_util.dll library has not been found


DESKTOP-8JM6BMA	Fri Sep 15 16:08:59 2017
	Shutting down the server with 1 active connection(s) to 1 database(s), 0 active service(s)


DESKTOP-8JM6BMA	Fri Sep 15 16:09:51 2017
	ib_util init failed, UDFs can't be used - looks like firebird misconfigured
	
	D:\PROJETOS\Java Projects\TesteFBEmbed\bin/ib_util.dll library has not been found
	D:\PROJETOS\Java Projects\TesteFBEmbed\ib_util.dll library has not been found
	ib_util.dll library has not been found


DESKTOP-8JM6BMA	Fri Sep 15 16:09:51 2017
	Shutting down the server with 1 active connection(s) to 1 database(s), 0 active service(s)


DESKTOP-8JM6BMA	Fri Sep 15 16:12:16 2017
	ib_util init failed, UDFs can't be used - looks like firebird misconfigured
	
	D:\PROJETOS\Java Projects\TesteFBEmbed\bin/ib_util.dll library has not been found
	D:\PROJETOS\Java Projects\TesteFBEmbed\ib_util.dll library has not been found
	ib_util.dll library has not been found


DESKTOP-8JM6BMA	Fri Sep 15 16:12:16 2017
	Shutting down the server with 1 active connection(s) to 1 database(s), 0 active service(s)


DESKTOP-8JM6BMA	Mon Sep 18 08:46:50 2017
	ib_util init failed, UDFs can't be used - looks like firebird misconfigured
	
	D:\64\bin/ib_util.dll library has not been found
	D:\64\ib_util.dll library has not been found
	ib_util.dll library has not been found


DESKTOP-8JM6BMA	Mon Sep 18 08:46:50 2017
	Shutting down the server with 1 active connection(s) to 1 database(s), 0 active service(s)


DESKTOP-8JM6BMA	Mon Sep 18 08:47:49 2017
	ib_util init failed, UDFs can't be used - looks like firebird misconfigured
	
	D:\64\bin/ib_util.dll library has not been found
	D:\64\ib_util.dll library has not been found
	ib_util.dll library has not been found


DESKTOP-8JM6BMA	Mon Sep 18 08:47:49 2017
	Shutting down the server with 1 active connection(s) to 1 database(s), 0 active service(s)


DESKTOP-8JM6BMA	Mon Sep 18 09:02:27 2017
	ib_util init failed, UDFs can't be used - looks like firebird misconfigured
	
	D:\64\bin/ib_util.dll library has not been found
	D:\64\ib_util.dll library has not been found
	ib_util.dll library has not been found


DESKTOP-8JM6BMA	Mon Sep 18 09:02:27 2017
	Shutting down the server with 1 active connection(s) to 1 database(s), 0 active service(s)


DESKTOP-8JM6BMA	Mon Sep 18 09:05:00 2017
	ib_util init failed, UDFs can't be used - looks like firebird misconfigured
	
	D:\64\bin/ib_util.dll library has not been found
	D:\64\ib_util.dll library has not been found
	ib_util.dll library has not been found


DESKTOP-8JM6BMA	Mon Sep 18 09:05:00 2017
	Shutting down the server with 1 active connection(s) to 1 database(s), 0 active service(s)


DESKTOP-8JM6BMA	Mon Sep 18 10:41:36 2017
	ib_util init failed, UDFs can't be used - looks like firebird misconfigured
	
	D:\64\bin/ib_util.dll library has not been found
	D:\64\ib_util.dll library has not been found
	ib_util.dll library has not been found


DESKTOP-8JM6BMA	Mon Sep 18 10:41:36 2017
	Shutting down the server with 1 active connection(s) to 1 database(s), 0 active service(s)


DESKTOP-8JM6BMA	Mon Sep 18 11:04:18 2017
	ib_util init failed, UDFs can't be used - looks like firebird misconfigured
	
	D:\64\bin/ib_util.dll library has not been found
	D:\64\ib_util.dll library has not been found
	ib_util.dll library has not been found


DESKTOP-8JM6BMA	Mon Sep 18 11:04:18 2017
	Shutting down the server with 1 active connection(s) to 1 database(s), 0 active service(s)


DESKTOP-8JM6BMA	Tue Sep 19 08:42:31 2017
	ib_util init failed, UDFs can't be used - looks like firebird misconfigured
	
	D:\64\bin/ib_util.dll library has not been found
	D:\64\ib_util.dll library has not been found
	ib_util.dll library has not been found


DESKTOP-8JM6BMA	Tue Sep 19 08:42:32 2017
	Shutting down the server with 1 active connection(s) to 1 database(s), 0 active service(s)


DESKTOP-8JM6BMA	Tue Sep 19 09:01:26 2017
	ib_util init failed, UDFs can't be used - looks like firebird misconfigured
	
	D:\PROJETOS\Java Projects\Projeto Barbearia\bin/ib_util.dll library has not been found
	D:\PROJETOS\Java Projects\Projeto Barbearia\ib_util.dll library has not been found
	ib_util.dll library has not been found


DESKTOP-8JM6BMA	Tue Sep 19 09:02:07 2017
	Shutting down the server with 1 active connection(s) to 1 database(s), 0 active service(s)


DESKTOP-8JM6BMA	Tue Sep 19 09:11:00 2017
	ib_util init failed, UDFs can't be used - looks like firebird misconfigured
	
	D:\PROJETOS\Java Projects\Projeto Barbearia\bin/ib_util.dll library has not been found
	D:\PROJETOS\Java Projects\Projeto Barbearia\ib_util.dll library has not been found
	ib_util.dll library has not been found


DESKTOP-8JM6BMA	Tue Sep 19 09:11:01 2017
	Shutting down the server with 2 active connection(s) to 1 database(s), 0 active service(s)


DESKTOP-8JM6BMA	Tue Sep 19 09:12:28 2017
	ib_util init failed, UDFs can't be used - looks like firebird misconfigured
	
	D:\PROJETOS\Java Projects\Projeto Barbearia\bin/ib_util.dll library has not been found
	D:\PROJETOS\Java Projects\Projeto Barbearia\ib_util.dll library has not been found
	ib_util.dll library has not been found


DESKTOP-8JM6BMA	Tue Sep 19 09:12:33 2017
	ib_util init failed, UDFs can't be used - looks like firebird misconfigured
	
	D:\PROJETOS\Java Projects\Projeto Barbearia\bin/ib_util.dll library has not been found
	D:\PROJETOS\Java Projects\Projeto Barbearia\ib_util.dll library has not been found
	ib_util.dll library has not been found


DESKTOP-8JM6BMA	Tue Sep 19 09:12:34 2017
	Shutting down the server with 2 active connection(s) to 1 database(s), 0 active service(s)


DESKTOP-8JM6BMA	Tue Sep 19 09:13:44 2017
	Shutting down the server with 14 active connection(s) to 1 database(s), 0 active service(s)


DESKTOP-8JM6BMA	Mon Oct 16 17:24:25 2017
	ib_util init failed, UDFs can't be used - looks like firebird misconfigured
	
	D:\PROJETOS\Java Projects\Projeto Barbearia\bin/ib_util.dll library has not been found
	D:\PROJETOS\Java Projects\Projeto Barbearia\ib_util.dll library has not been found
	ib_util.dll library has not been found


DESKTOP-8JM6BMA	Mon Oct 16 17:46:50 2017
	Shutting down the server with 68 active connection(s) to 1 database(s), 0 active service(s)


DESKTOP-8JM6BMA	Thu Oct 19 15:08:01 2017
	ib_util init failed, UDFs can't be used - looks like firebird misconfigured
	
	D:\PROJETOS\Java Projects\Projeto Barbearia\bin/ib_util.dll library has not been found
	D:\PROJETOS\Java Projects\Projeto Barbearia\ib_util.dll library has not been found
	ib_util.dll library has not been found


DESKTOP-8JM6BMA	Thu Oct 19 15:09:10 2017
	Shutting down the server with 18 active connection(s) to 1 database(s), 0 active service(s)


DESKTOP-8JM6BMA	Thu Oct 19 15:09:22 2017
	ib_util init failed, UDFs can't be used - looks like firebird misconfigured
	
	D:\PROJETOS\Java Projects\Projeto Barbearia\bin/ib_util.dll library has not been found
	D:\PROJETOS\Java Projects\Projeto Barbearia\ib_util.dll library has not been found
	ib_util.dll library has not been found


DESKTOP-8JM6BMA	Thu Oct 19 15:09:28 2017
	ib_util init failed, UDFs can't be used - looks like firebird misconfigured
	
	D:\PROJETOS\Java Projects\Projeto Barbearia\bin/ib_util.dll library has not been found
	D:\PROJETOS\Java Projects\Projeto Barbearia\ib_util.dll library has not been found
	ib_util.dll library has not been found


DESKTOP-8JM6BMA	Thu Oct 19 15:09:30 2017
	Shutting down the server with 2 active connection(s) to 1 database(s), 0 active service(s)


DESKTOP-8JM6BMA	Thu Oct 19 15:09:38 2017
	Shutting down the server with 1 active connection(s) to 1 database(s), 0 active service(s)


DESKTOP-8JM6BMA	Thu Oct 19 15:10:06 2017
	ib_util init failed, UDFs can't be used - looks like firebird misconfigured
	
	D:\PROJETOS\Java Projects\Projeto Barbearia\bin/ib_util.dll library has not been found
	D:\PROJETOS\Java Projects\Projeto Barbearia\ib_util.dll library has not been found
	ib_util.dll library has not been found


DESKTOP-8JM6BMA	Thu Oct 19 15:10:12 2017
	ib_util init failed, UDFs can't be used - looks like firebird misconfigured
	
	D:\PROJETOS\Java Projects\Projeto Barbearia\bin/ib_util.dll library has not been found
	D:\PROJETOS\Java Projects\Projeto Barbearia\ib_util.dll library has not been found
	ib_util.dll library has not been found


DESKTOP-8JM6BMA	Thu Oct 19 15:10:13 2017
	Shutting down the server with 2 active connection(s) to 1 database(s), 0 active service(s)


DESKTOP-8JM6BMA	Thu Oct 19 15:10:21 2017
	Shutting down the server with 1 active connection(s) to 1 database(s), 0 active service(s)


DESKTOP-8JM6BMA	Tue Nov 07 16:30:07 2017
	ib_util init failed, UDFs can't be used - looks like firebird misconfigured
	
	D:\PROJETOS\Java Projects\Projeto Barbearia\bin/ib_util.dll library has not been found
	D:\PROJETOS\Java Projects\Projeto Barbearia\ib_util.dll library has not been found
	ib_util.dll library has not been found


DESKTOP-8JM6BMA	Tue Nov 07 16:30:14 2017
	ib_util init failed, UDFs can't be used - looks like firebird misconfigured
	
	D:\PROJETOS\Java Projects\Projeto Barbearia\bin/ib_util.dll library has not been found
	D:\PROJETOS\Java Projects\Projeto Barbearia\ib_util.dll library has not been found
	ib_util.dll library has not been found


DESKTOP-8JM6BMA	Tue Nov 07 16:30:19 2017
	Shutting down the server with 2 active connection(s) to 1 database(s), 0 active service(s)


DESKTOP-8JM6BMA	Tue Nov 07 16:30:27 2017
	Shutting down the server with 1 active connection(s) to 1 database(s), 0 active service(s)


DESKTOP-8JM6BMA	Tue Nov 07 16:31:49 2017
	ib_util init failed, UDFs can't be used - looks like firebird misconfigured
	
	D:\PROJETOS\Java Projects\Projeto Barbearia\bin/ib_util.dll library has not been found
	D:\PROJETOS\Java Projects\Projeto Barbearia\ib_util.dll library has not been found
	ib_util.dll library has not been found


DESKTOP-8JM6BMA	Tue Nov 07 16:31:54 2017
	ib_util init failed, UDFs can't be used - looks like firebird misconfigured
	
	D:\PROJETOS\Java Projects\Projeto Barbearia\bin/ib_util.dll library has not been found
	D:\PROJETOS\Java Projects\Projeto Barbearia\ib_util.dll library has not been found
	ib_util.dll library has not been found


DESKTOP-8JM6BMA	Tue Nov 07 16:32:00 2017
	Shutting down the server with 2 active connection(s) to 1 database(s), 0 active service(s)


DESKTOP-8JM6BMA	Tue Nov 07 16:32:39 2017
	ib_util init failed, UDFs can't be used - looks like firebird misconfigured
	
	D:\PROJETOS\Java Projects\Projeto Barbearia\bin/ib_util.dll library has not been found
	D:\PROJETOS\Java Projects\Projeto Barbearia\ib_util.dll library has not been found
	ib_util.dll library has not been found


DESKTOP-8JM6BMA	Tue Nov 07 16:32:45 2017
	ib_util init failed, UDFs can't be used - looks like firebird misconfigured
	
	D:\PROJETOS\Java Projects\Projeto Barbearia\bin/ib_util.dll library has not been found
	D:\PROJETOS\Java Projects\Projeto Barbearia\ib_util.dll library has not been found
	ib_util.dll library has not been found


DESKTOP-8JM6BMA	Tue Nov 07 16:32:50 2017
	Shutting down the server with 2 active connection(s) to 1 database(s), 0 active service(s)


DESKTOP-8JM6BMA	Tue Nov 07 16:33:03 2017
	Shutting down the server with 2 active connection(s) to 1 database(s), 0 active service(s)


DESKTOP-8JM6BMA	Tue Nov 07 16:33:31 2017
	ib_util init failed, UDFs can't be used - looks like firebird misconfigured
	
	D:\PROJETOS\Java Projects\Projeto Barbearia\bin/ib_util.dll library has not been found
	D:\PROJETOS\Java Projects\Projeto Barbearia\ib_util.dll library has not been found
	ib_util.dll library has not been found


DESKTOP-8JM6BMA	Tue Nov 07 16:33:36 2017
	ib_util init failed, UDFs can't be used - looks like firebird misconfigured
	
	D:\PROJETOS\Java Projects\Projeto Barbearia\bin/ib_util.dll library has not been found
	D:\PROJETOS\Java Projects\Projeto Barbearia\ib_util.dll library has not been found
	ib_util.dll library has not been found


DESKTOP-8JM6BMA	Tue Nov 07 16:33:41 2017
	Shutting down the server with 2 active connection(s) to 1 database(s), 0 active service(s)


DESKTOP-8JM6BMA	Tue Nov 07 17:49:57 2017
	ib_util init failed, UDFs can't be used - looks like firebird misconfigured
	
	D:\PROJETOS\Java Projects\Projeto Barbearia\bin/ib_util.dll library has not been found
	D:\PROJETOS\Java Projects\Projeto Barbearia\ib_util.dll library has not been found
	ib_util.dll library has not been found


DESKTOP-8JM6BMA	Tue Nov 07 17:50:03 2017
	ib_util init failed, UDFs can't be used - looks like firebird misconfigured
	
	D:\PROJETOS\Java Projects\Projeto Barbearia\bin/ib_util.dll library has not been found
	D:\PROJETOS\Java Projects\Projeto Barbearia\ib_util.dll library has not been found
	ib_util.dll library has not been found


DESKTOP-8JM6BMA	Tue Nov 07 17:50:10 2017
	Shutting down the server with 2 active connection(s) to 1 database(s), 0 active service(s)


DESKTOP-8JM6BMA	Tue Nov 07 17:50:36 2017
	Shutting down the server with 2 active connection(s) to 1 database(s), 0 active service(s)

